<?xml version="1.0" encoding="UTF-8"?>
<!-- Generated by org.testng.reporters.JUnitReportReporter -->
<testsuite skipped="0" hostname="MAVBCP875" name="testcases.Rediff_LoginPage" tests="1" failures="0" timestamp="2021-05-12T19:56:33 IST" time="39.286" errors="0">
  <testcase name="Test1" time="39.286" classname="testcases.Rediff_LoginPage"/>
  <system-out/>
</testsuite> <!-- testcases.Rediff_LoginPage -->
